2024-02-10 10:24:21,802 INFO  [Log] **************************************************************************************** 
2024-02-10 10:24:21,802 INFO  [Log] **************************************************************************************** 
2024-02-10 10:24:21,811 INFO  [Log] $$$$$$$$$$$$$$$$$$$$$                 My login test case       $$$$$$$$$$$$$$$$$$$$$$$$$ 
2024-02-10 10:24:21,811 INFO  [Log] **************************************************************************************** 
2024-02-10 10:24:21,812 INFO  [Log] **************************************************************************************** 
2024-02-10 10:24:21,812 INFO  [Log] My test case is executing 
2024-02-10 10:24:21,812 INFO  [Log] I am testing log4j functionality 
2024-02-10 10:24:22,185 INFO  [Log] XXXXXXXXXXXXXXXXXXXXXXX             -E---N---D-             XXXXXXXXXXXXXXXXXXXXXX 
2024-02-10 10:24:22,185 INFO  [Log] X 
2024-02-10 10:24:22,185 INFO  [Log] X 
2024-02-10 10:24:22,185 INFO  [Log] X 
2024-02-10 10:24:22,185 INFO  [Log] X 
2024-03-12 20:06:32,899 INFO  [Log] **************************************************************************************** 
2024-03-12 20:06:32,901 INFO  [Log] **************************************************************************************** 
2024-03-12 20:06:32,909 INFO  [Log] $$$$$$$$$$$$$$$$$$$$$                 My login test case       $$$$$$$$$$$$$$$$$$$$$$$$$ 
2024-03-12 20:06:32,909 INFO  [Log] **************************************************************************************** 
2024-03-12 20:06:32,909 INFO  [Log] **************************************************************************************** 
2024-03-12 20:06:32,909 INFO  [Log] My test case is executing 
2024-03-12 20:06:32,909 INFO  [Log] I am testing log4j functionality 
2024-03-12 20:06:33,332 INFO  [Log] XXXXXXXXXXXXXXXXXXXXXXX             -E---N---D-             XXXXXXXXXXXXXXXXXXXXXX 
2024-03-12 20:06:33,332 INFO  [Log] X 
2024-03-12 20:06:33,332 INFO  [Log] X 
2024-03-12 20:06:33,332 INFO  [Log] X 
2024-03-12 20:06:33,332 INFO  [Log] X 
2024-03-12 20:21:40,327 INFO  [Log] **************************************************************************************** 
2024-03-12 20:21:40,328 INFO  [Log] **************************************************************************************** 
2024-03-12 20:21:40,334 INFO  [Log] $$$$$$$$$$$$$$$$$$$$$                 My login test case       $$$$$$$$$$$$$$$$$$$$$$$$$ 
2024-03-12 20:21:40,334 INFO  [Log] **************************************************************************************** 
2024-03-12 20:21:40,334 INFO  [Log] **************************************************************************************** 
2024-03-12 20:21:40,334 INFO  [Log] My test case is executing 
2024-03-12 20:21:40,334 INFO  [Log] I am testing log4j functionality 
2024-03-12 20:21:40,704 INFO  [Log] XXXXXXXXXXXXXXXXXXXXXXX             -E---N---D-             XXXXXXXXXXXXXXXXXXXXXX 
2024-03-12 20:21:40,705 INFO  [Log] X 
2024-03-12 20:21:40,705 INFO  [Log] X 
2024-03-12 20:21:40,705 INFO  [Log] X 
2024-03-12 20:21:40,705 INFO  [Log] X 
2024-03-12 20:28:02,937 INFO  [Log] **************************************************************************************** 
2024-03-12 20:28:02,939 INFO  [Log] **************************************************************************************** 
2024-03-12 20:28:02,949 INFO  [Log] $$$$$$$$$$$$$$$$$$$$$                 My login test case       $$$$$$$$$$$$$$$$$$$$$$$$$ 
2024-03-12 20:28:02,949 INFO  [Log] **************************************************************************************** 
2024-03-12 20:28:02,949 INFO  [Log] **************************************************************************************** 
2024-03-12 20:28:02,949 INFO  [Log] My test case is executing 
2024-03-12 20:28:02,949 INFO  [Log] I am testing log4j functionality 
2024-03-12 20:28:03,337 INFO  [Log] XXXXXXXXXXXXXXXXXXXXXXX             -E---N---D-             XXXXXXXXXXXXXXXXXXXXXX 
2024-03-12 20:28:03,337 INFO  [Log] X 
2024-03-12 20:28:03,337 INFO  [Log] X 
2024-03-12 20:28:03,337 INFO  [Log] X 
2024-03-12 20:28:03,337 INFO  [Log] X 
2024-03-12 20:32:31,537 INFO  [Log] **************************************************************************************** 
2024-03-12 20:32:31,538 INFO  [Log] **************************************************************************************** 
2024-03-12 20:32:31,543 INFO  [Log] $$$$$$$$$$$$$$$$$$$$$                 My login test case       $$$$$$$$$$$$$$$$$$$$$$$$$ 
2024-03-12 20:32:31,543 INFO  [Log] **************************************************************************************** 
2024-03-12 20:32:31,543 INFO  [Log] **************************************************************************************** 
2024-03-12 20:32:31,543 INFO  [Log] My test case is executing 
2024-03-12 20:32:31,543 INFO  [Log] I am testing log4j functionality 
2024-03-12 20:32:32,012 INFO  [Log] XXXXXXXXXXXXXXXXXXXXXXX             -E---N---D-             XXXXXXXXXXXXXXXXXXXXXX 
2024-03-12 20:32:32,012 INFO  [Log] X 
2024-03-12 20:32:32,012 INFO  [Log] X 
2024-03-12 20:32:32,012 INFO  [Log] X 
2024-03-12 20:32:32,012 INFO  [Log] X 
2024-03-12 20:36:39,957 INFO  [Log] **************************************************************************************** 
2024-03-12 20:36:39,959 INFO  [Log] **************************************************************************************** 
2024-03-12 20:36:39,968 INFO  [Log] $$$$$$$$$$$$$$$$$$$$$                 My login test case       $$$$$$$$$$$$$$$$$$$$$$$$$ 
2024-03-12 20:36:39,968 INFO  [Log] **************************************************************************************** 
2024-03-12 20:36:39,968 INFO  [Log] **************************************************************************************** 
2024-03-12 20:36:39,968 INFO  [Log] My test case is executing 
2024-03-12 20:36:39,968 INFO  [Log] I am testing log4j functionality 
2024-03-12 20:36:40,330 INFO  [Log] XXXXXXXXXXXXXXXXXXXXXXX             -E---N---D-             XXXXXXXXXXXXXXXXXXXXXX 
2024-03-12 20:36:40,330 INFO  [Log] X 
2024-03-12 20:36:40,330 INFO  [Log] X 
2024-03-12 20:36:40,330 INFO  [Log] X 
2024-03-12 20:36:40,330 INFO  [Log] X 
2024-03-12 20:46:27,231 INFO  [Log] **************************************************************************************** 
2024-03-12 20:46:27,231 INFO  [Log] **************************************************************************************** 
2024-03-12 20:46:27,239 INFO  [Log] $$$$$$$$$$$$$$$$$$$$$                 My login test case       $$$$$$$$$$$$$$$$$$$$$$$$$ 
2024-03-12 20:46:27,239 INFO  [Log] **************************************************************************************** 
2024-03-12 20:46:27,239 INFO  [Log] **************************************************************************************** 
2024-03-12 20:46:27,239 INFO  [Log] My test case is executing 
2024-03-12 20:46:27,239 INFO  [Log] I am testing log4j functionality 
2024-03-12 20:46:27,621 INFO  [Log] XXXXXXXXXXXXXXXXXXXXXXX             -E---N---D-             XXXXXXXXXXXXXXXXXXXXXX 
2024-03-12 20:46:27,621 INFO  [Log] X 
2024-03-12 20:46:27,621 INFO  [Log] X 
2024-03-12 20:46:27,621 INFO  [Log] X 
2024-03-12 20:46:27,621 INFO  [Log] X 
2024-03-13 17:22:42,455 INFO  [Log] **************************************************************************************** 
2024-03-13 17:22:42,456 INFO  [Log] **************************************************************************************** 
2024-03-13 17:22:42,460 INFO  [Log] $$$$$$$$$$$$$$$$$$$$$                 My login test case       $$$$$$$$$$$$$$$$$$$$$$$$$ 
2024-03-13 17:22:42,460 INFO  [Log] **************************************************************************************** 
2024-03-13 17:22:42,460 INFO  [Log] **************************************************************************************** 
2024-03-13 17:22:42,460 INFO  [Log] My test case is executing 
2024-03-13 17:22:42,460 INFO  [Log] I am testing log4j functionality 
2024-03-13 17:22:42,722 INFO  [Log] XXXXXXXXXXXXXXXXXXXXXXX             -E---N---D-             XXXXXXXXXXXXXXXXXXXXXX 
2024-03-13 17:22:42,723 INFO  [Log] X 
2024-03-13 17:22:42,723 INFO  [Log] X 
2024-03-13 17:22:42,723 INFO  [Log] X 
2024-03-13 17:22:42,723 INFO  [Log] X 
2024-03-13 17:24:09,367 INFO  [Log] **************************************************************************************** 
2024-03-13 17:24:09,369 INFO  [Log] **************************************************************************************** 
2024-03-13 17:24:09,373 INFO  [Log] $$$$$$$$$$$$$$$$$$$$$                 My login test case       $$$$$$$$$$$$$$$$$$$$$$$$$ 
2024-03-13 17:24:09,373 INFO  [Log] **************************************************************************************** 
2024-03-13 17:24:09,373 INFO  [Log] **************************************************************************************** 
2024-03-13 17:24:09,373 INFO  [Log] My test case is executing 
2024-03-13 17:24:09,373 INFO  [Log] I am testing log4j functionality 
2024-03-13 17:24:09,639 INFO  [Log] XXXXXXXXXXXXXXXXXXXXXXX             -E---N---D-             XXXXXXXXXXXXXXXXXXXXXX 
2024-03-13 17:24:09,639 INFO  [Log] X 
2024-03-13 17:24:09,639 INFO  [Log] X 
2024-03-13 17:24:09,639 INFO  [Log] X 
2024-03-13 17:24:09,639 INFO  [Log] X 
2024-03-13 17:28:18,496 INFO  [Log] **************************************************************************************** 
2024-03-13 17:28:18,497 INFO  [Log] **************************************************************************************** 
2024-03-13 17:28:18,500 INFO  [Log] $$$$$$$$$$$$$$$$$$$$$                 My login test case       $$$$$$$$$$$$$$$$$$$$$$$$$ 
2024-03-13 17:28:18,500 INFO  [Log] **************************************************************************************** 
2024-03-13 17:28:18,500 INFO  [Log] **************************************************************************************** 
2024-03-13 17:28:18,500 INFO  [Log] My test case is executing 
2024-03-13 17:28:18,500 INFO  [Log] I am testing log4j functionality 
2024-03-13 17:28:18,743 INFO  [Log] XXXXXXXXXXXXXXXXXXXXXXX             -E---N---D-             XXXXXXXXXXXXXXXXXXXXXX 
2024-03-13 17:28:18,743 INFO  [Log] X 
2024-03-13 17:28:18,743 INFO  [Log] X 
2024-03-13 17:28:18,743 INFO  [Log] X 
2024-03-13 17:28:18,743 INFO  [Log] X 
2024-03-13 17:29:49,312 INFO  [Log] **************************************************************************************** 
2024-03-13 17:29:49,313 INFO  [Log] **************************************************************************************** 
2024-03-13 17:29:49,317 INFO  [Log] $$$$$$$$$$$$$$$$$$$$$                 My login test case       $$$$$$$$$$$$$$$$$$$$$$$$$ 
2024-03-13 17:29:49,317 INFO  [Log] **************************************************************************************** 
2024-03-13 17:29:49,317 INFO  [Log] **************************************************************************************** 
2024-03-13 17:29:49,317 INFO  [Log] My test case is executing 
2024-03-13 17:29:49,317 INFO  [Log] I am testing log4j functionality 
2024-03-13 17:29:49,583 INFO  [Log] XXXXXXXXXXXXXXXXXXXXXXX             -E---N---D-             XXXXXXXXXXXXXXXXXXXXXX 
2024-03-13 17:29:49,584 INFO  [Log] X 
2024-03-13 17:29:49,584 INFO  [Log] X 
2024-03-13 17:29:49,584 INFO  [Log] X 
2024-03-13 17:29:49,584 INFO  [Log] X 
2024-03-13 17:34:00,708 INFO  [Log] **************************************************************************************** 
2024-03-13 17:34:00,708 INFO  [Log] **************************************************************************************** 
2024-03-13 17:34:00,714 INFO  [Log] $$$$$$$$$$$$$$$$$$$$$                 My login test case       $$$$$$$$$$$$$$$$$$$$$$$$$ 
2024-03-13 17:34:00,714 INFO  [Log] **************************************************************************************** 
2024-03-13 17:34:00,714 INFO  [Log] **************************************************************************************** 
2024-03-13 17:34:00,714 INFO  [Log] My test case is executing 
2024-03-13 17:34:00,714 INFO  [Log] I am testing log4j functionality 
2024-03-13 17:34:00,971 INFO  [Log] XXXXXXXXXXXXXXXXXXXXXXX             -E---N---D-             XXXXXXXXXXXXXXXXXXXXXX 
2024-03-13 17:34:00,971 INFO  [Log] X 
2024-03-13 17:34:00,971 INFO  [Log] X 
2024-03-13 17:34:00,971 INFO  [Log] X 
2024-03-13 17:34:00,971 INFO  [Log] X 
2024-03-13 18:25:06,566 INFO  [Log] **************************************************************************************** 
2024-03-13 18:25:06,567 INFO  [Log] **************************************************************************************** 
2024-03-13 18:25:06,573 INFO  [Log] $$$$$$$$$$$$$$$$$$$$$                 My login test case       $$$$$$$$$$$$$$$$$$$$$$$$$ 
2024-03-13 18:25:06,573 INFO  [Log] **************************************************************************************** 
2024-03-13 18:25:06,573 INFO  [Log] **************************************************************************************** 
2024-03-13 18:25:06,573 INFO  [Log] My test case is executing 
2024-03-13 18:25:06,573 INFO  [Log] I am testing log4j functionality 
2024-03-13 18:25:06,921 INFO  [Log] XXXXXXXXXXXXXXXXXXXXXXX             -E---N---D-             XXXXXXXXXXXXXXXXXXXXXX 
2024-03-13 18:25:06,921 INFO  [Log] X 
2024-03-13 18:25:06,921 INFO  [Log] X 
2024-03-13 18:25:06,921 INFO  [Log] X 
2024-03-13 18:25:06,921 INFO  [Log] X 
2024-03-13 18:26:50,078 INFO  [Log] **************************************************************************************** 
2024-03-13 18:26:50,079 INFO  [Log] **************************************************************************************** 
2024-03-13 18:26:50,087 INFO  [Log] $$$$$$$$$$$$$$$$$$$$$                 My login test case       $$$$$$$$$$$$$$$$$$$$$$$$$ 
2024-03-13 18:26:50,087 INFO  [Log] **************************************************************************************** 
2024-03-13 18:26:50,087 INFO  [Log] **************************************************************************************** 
2024-03-13 18:26:50,087 INFO  [Log] My test case is executing 
2024-03-13 18:26:50,087 INFO  [Log] I am testing log4j functionality 
2024-03-13 18:26:50,389 INFO  [Log] XXXXXXXXXXXXXXXXXXXXXXX             -E---N---D-             XXXXXXXXXXXXXXXXXXXXXX 
2024-03-13 18:26:50,390 INFO  [Log] X 
2024-03-13 18:26:50,390 INFO  [Log] X 
2024-03-13 18:26:50,390 INFO  [Log] X 
2024-03-13 18:26:50,390 INFO  [Log] X 
2024-03-13 18:42:44,392 INFO  [Log] **************************************************************************************** 
2024-03-13 18:42:44,393 INFO  [Log] **************************************************************************************** 
2024-03-13 18:42:44,402 INFO  [Log] $$$$$$$$$$$$$$$$$$$$$                 My login test case       $$$$$$$$$$$$$$$$$$$$$$$$$ 
2024-03-13 18:42:44,402 INFO  [Log] **************************************************************************************** 
2024-03-13 18:42:44,402 INFO  [Log] **************************************************************************************** 
2024-03-13 18:42:44,402 INFO  [Log] My test case is executing 
2024-03-13 18:42:44,402 INFO  [Log] I am testing log4j functionality 
2024-03-13 18:42:44,873 INFO  [Log] XXXXXXXXXXXXXXXXXXXXXXX             -E---N---D-             XXXXXXXXXXXXXXXXXXXXXX 
2024-03-13 18:42:44,873 INFO  [Log] X 
2024-03-13 18:42:44,873 INFO  [Log] X 
2024-03-13 18:42:44,873 INFO  [Log] X 
2024-03-13 18:42:44,873 INFO  [Log] X 
2024-03-13 19:00:11,839 INFO  [Log] **************************************************************************************** 
2024-03-13 19:00:11,840 INFO  [Log] **************************************************************************************** 
2024-03-13 19:00:11,846 INFO  [Log] $$$$$$$$$$$$$$$$$$$$$                 My login test case       $$$$$$$$$$$$$$$$$$$$$$$$$ 
2024-03-13 19:00:11,846 INFO  [Log] **************************************************************************************** 
2024-03-13 19:00:11,846 INFO  [Log] **************************************************************************************** 
2024-03-13 19:00:11,846 INFO  [Log] My test case is executing 
2024-03-13 19:00:11,846 INFO  [Log] I am testing log4j functionality 
2024-03-13 19:00:13,202 INFO  [Log] XXXXXXXXXXXXXXXXXXXXXXX             -E---N---D-             XXXXXXXXXXXXXXXXXXXXXX 
2024-03-13 19:00:13,202 INFO  [Log] X 
2024-03-13 19:00:13,202 INFO  [Log] X 
2024-03-13 19:00:13,202 INFO  [Log] X 
2024-03-13 19:00:13,202 INFO  [Log] X 
2024-03-23 12:17:53,703 INFO  [Log] **************************************************************************************** 
2024-03-23 12:17:53,705 INFO  [Log] **************************************************************************************** 
2024-03-23 12:17:53,716 INFO  [Log] $$$$$$$$$$$$$$$$$$$$$                 My login test case       $$$$$$$$$$$$$$$$$$$$$$$$$ 
2024-03-23 12:17:53,716 INFO  [Log] **************************************************************************************** 
2024-03-23 12:17:53,716 INFO  [Log] **************************************************************************************** 
2024-03-23 12:17:53,716 INFO  [Log] My test case is executing 
2024-03-23 12:17:53,716 INFO  [Log] I am testing log4j functionality 
2024-03-23 12:17:54,147 INFO  [Log] XXXXXXXXXXXXXXXXXXXXXXX             -E---N---D-             XXXXXXXXXXXXXXXXXXXXXX 
2024-03-23 12:17:54,148 INFO  [Log] X 
2024-03-23 12:17:54,148 INFO  [Log] X 
2024-03-23 12:17:54,148 INFO  [Log] X 
2024-03-23 12:17:54,148 INFO  [Log] X 
2024-03-23 12:21:35,134 INFO  [Log] **************************************************************************************** 
2024-03-23 12:21:35,135 INFO  [Log] **************************************************************************************** 
2024-03-23 12:21:35,140 INFO  [Log] $$$$$$$$$$$$$$$$$$$$$                 My login test case       $$$$$$$$$$$$$$$$$$$$$$$$$ 
2024-03-23 12:21:35,140 INFO  [Log] **************************************************************************************** 
2024-03-23 12:21:35,140 INFO  [Log] **************************************************************************************** 
2024-03-23 12:21:35,140 INFO  [Log] My test case is executing 
2024-03-23 12:21:35,140 INFO  [Log] I am testing log4j functionality 
2024-03-23 12:21:35,448 INFO  [Log] XXXXXXXXXXXXXXXXXXXXXXX             -E---N---D-             XXXXXXXXXXXXXXXXXXXXXX 
2024-03-23 12:21:35,448 INFO  [Log] X 
2024-03-23 12:21:35,448 INFO  [Log] X 
2024-03-23 12:21:35,448 INFO  [Log] X 
2024-03-23 12:21:35,448 INFO  [Log] X 
2024-03-23 12:31:34,341 INFO  [Log] **************************************************************************************** 
2024-03-23 12:31:34,342 INFO  [Log] **************************************************************************************** 
2024-03-23 12:31:34,346 INFO  [Log] $$$$$$$$$$$$$$$$$$$$$                 My login test case       $$$$$$$$$$$$$$$$$$$$$$$$$ 
2024-03-23 12:31:34,346 INFO  [Log] **************************************************************************************** 
2024-03-23 12:31:34,346 INFO  [Log] **************************************************************************************** 
2024-03-23 12:31:34,346 INFO  [Log] My test case is executing 
2024-03-23 12:31:34,346 INFO  [Log] I am testing log4j functionality 
2024-03-23 12:31:34,565 INFO  [Log] XXXXXXXXXXXXXXXXXXXXXXX             -E---N---D-             XXXXXXXXXXXXXXXXXXXXXX 
2024-03-23 12:31:34,565 INFO  [Log] X 
2024-03-23 12:31:34,565 INFO  [Log] X 
2024-03-23 12:31:34,565 INFO  [Log] X 
2024-03-23 12:31:34,565 INFO  [Log] X 
2024-03-25 17:58:51,903 INFO  [Log] **************************************************************************************** 
2024-03-25 17:58:51,903 INFO  [Log] **************************************************************************************** 
2024-03-25 17:58:51,907 INFO  [Log] $$$$$$$$$$$$$$$$$$$$$                 My login test case       $$$$$$$$$$$$$$$$$$$$$$$$$ 
2024-03-25 17:58:51,907 INFO  [Log] **************************************************************************************** 
2024-03-25 17:58:51,907 INFO  [Log] **************************************************************************************** 
2024-03-25 17:58:51,908 INFO  [Log] My test case is executing 
2024-03-25 17:58:51,908 INFO  [Log] I am testing log4j functionality 
2024-03-25 17:58:52,106 INFO  [Log] XXXXXXXXXXXXXXXXXXXXXXX             -E---N---D-             XXXXXXXXXXXXXXXXXXXXXX 
2024-03-25 17:58:52,106 INFO  [Log] X 
2024-03-25 17:58:52,106 INFO  [Log] X 
2024-03-25 17:58:52,106 INFO  [Log] X 
2024-03-25 17:58:52,106 INFO  [Log] X 
